<?xml version="1.0" encoding="UTF-8"?>
<testng-results ignored="1" total="4" passed="3" failed="0" skipped="0">
  <reporter-output>
  </reporter-output>
  <suite started-at="2023-03-07T17:57:05 IST" name="Suite" finished-at="2023-03-07T17:57:05 IST" duration-ms="138">
    <groups>
      <group name="sanity">
        <method signature="Test2.Test1()[pri:0, instance:test.Test2@27ce24aa]" name="Test1" class="test.Test2"/>
      </group> <!-- sanity -->
    </groups>
    <test started-at="2023-03-07T17:57:05 IST" name="Test" finished-at="2023-03-07T17:57:05 IST" duration-ms="35">
      <class name="test.Test1">
        <test-method is-config="true" signature="BeforeClass()[pri:0, instance:test.Test1@1c93084c]" started-at="2023-03-07T17:57:05 IST" name="BeforeClass" finished-at="2023-03-07T17:57:05 IST" duration-ms="1" status="PASS">
          <reporter-output>
          </reporter-output>
        </test-method> <!-- BeforeClass -->
        <test-method signature="Test1(java.lang.String)[pri:0, instance:test.Test1@1c93084c]" started-at="2023-03-07T17:57:05 IST" name="Test1" finished-at="2023-03-07T17:57:05 IST" duration-ms="7" status="PASS">
          <params>
            <param index="0">
              <value>
                <![CDATA[Selenuim.com]]>
              </value>
            </param>
          </params>
          <reporter-output>
          </reporter-output>
        </test-method> <!-- Test1 -->
        <test-method is-config="true" signature="AfterClass()[pri:0, instance:test.Test1@1c93084c]" started-at="2023-03-07T17:57:05 IST" name="AfterClass" finished-at="2023-03-07T17:57:05 IST" duration-ms="0" status="PASS">
          <reporter-output>
          </reporter-output>
        </test-method> <!-- AfterClass -->
      </class> <!-- test.Test1 -->
    </test> <!-- Test -->
    <test started-at="2023-03-07T17:57:05 IST" name="Test2" finished-at="2023-03-07T17:57:05 IST" duration-ms="12">
      <class name="test.Test2">
        <test-method is-config="true" signature="Beforesuite()[pri:0, instance:test.Test2@27ce24aa]" started-at="2023-03-07T17:57:05 IST" name="Beforesuite" finished-at="2023-03-07T17:57:05 IST" duration-ms="7" status="PASS">
          <reporter-output>
          </reporter-output>
        </test-method> <!-- Beforesuite -->
        <test-method is-config="true" signature="prerequiste()[pri:0, instance:test.Test2@27ce24aa]" started-at="2023-03-07T17:57:05 IST" name="prerequiste" finished-at="2023-03-07T17:57:05 IST" duration-ms="1" status="PASS">
          <reporter-output>
          </reporter-output>
        </test-method> <!-- prerequiste -->
        <test-method is-config="true" signature="beforemethod()[pri:0, instance:test.Test2@27ce24aa]" started-at="2023-03-07T17:57:05 IST" name="beforemethod" finished-at="2023-03-07T17:57:05 IST" duration-ms="1" status="PASS">
          <reporter-output>
          </reporter-output>
        </test-method> <!-- beforemethod -->
        <test-method signature="Method2(java.lang.String)[pri:0, instance:test.Test2@27ce24aa]" started-at="2023-03-07T17:57:05 IST" name="Method2" finished-at="2023-03-07T17:57:05 IST" duration-ms="1" status="PASS">
          <params>
            <param index="0">
              <value>
                <![CDATA[TestNG.com]]>
              </value>
            </param>
          </params>
          <reporter-output>
          </reporter-output>
        </test-method> <!-- Method2 -->
        <test-method is-config="true" signature="Aftermethod()[pri:0, instance:test.Test2@27ce24aa]" started-at="2023-03-07T17:57:05 IST" name="Aftermethod" finished-at="2023-03-07T17:57:05 IST" duration-ms="1" status="PASS">
          <reporter-output>
          </reporter-output>
        </test-method> <!-- Aftermethod -->
        <test-method signature="Test1()[pri:0, instance:test.Test2@27ce24aa]" started-at="2023-03-07T17:57:05 IST" name="Test1" finished-at="2023-03-07T17:57:05 IST" duration-ms="2" status="PASS">
          <reporter-output>
          </reporter-output>
        </test-method> <!-- Test1 -->
        <test-method is-config="true" signature="beforemethod()[pri:0, instance:test.Test2@27ce24aa]" started-at="2023-03-07T17:57:05 IST" name="beforemethod" finished-at="2023-03-07T17:57:05 IST" duration-ms="0" status="PASS">
          <reporter-output>
          </reporter-output>
        </test-method> <!-- beforemethod -->
        <test-method is-config="true" signature="Aftermethod()[pri:0, instance:test.Test2@27ce24aa]" started-at="2023-03-07T17:57:05 IST" name="Aftermethod" finished-at="2023-03-07T17:57:05 IST" duration-ms="1" status="PASS">
          <reporter-output>
          </reporter-output>
        </test-method> <!-- Aftermethod -->
        <test-method is-config="true" signature="End()[pri:0, instance:test.Test2@27ce24aa]" started-at="2023-03-07T17:57:05 IST" name="End" finished-at="2023-03-07T17:57:05 IST" duration-ms="1" status="PASS">
          <reporter-output>
          </reporter-output>
        </test-method> <!-- End -->
        <test-method is-config="true" signature="Aftresuite()[pri:0, instance:test.Test2@27ce24aa]" started-at="2023-03-07T17:57:05 IST" name="Aftresuite" finished-at="2023-03-07T17:57:05 IST" duration-ms="0" status="PASS">
          <reporter-output>
          </reporter-output>
        </test-method> <!-- Aftresuite -->
      </class> <!-- test.Test2 -->
    </test> <!-- Test2 -->
  </suite> <!-- Suite -->
</testng-results>
