<?xml version="1.0" encoding="UTF-8"?>
<!-- Generated by org.testng.reporters.JUnitXMLReporter -->
<testsuite ignored="0" hostname="MUM-LAP-1579" failures="0" tests="3" name="Default test" time="0.086" errors="0" timestamp="2022-12-14T16:30:05 IST">
  <testcase classname="test.Test5DataProvider" name="Printingdata" time="0.011"/>
  <testcase classname="test.Test5DataProvider" name="Printingdata" time="0.002"/>
  <testcase classname="test.Test5DataProvider" name="Printingdata" time="0.004"/>
</testsuite> <!-- Default test -->
