<?xml version="1.0" encoding="UTF-8"?>
<!-- Generated by org.testng.reporters.JUnitXMLReporter -->
<testsuite ignored="2" hostname="MUM-LAP-1579" failures="0" tests="2" name="Regression" time="0.042" errors="0" timestamp="2023-02-14T15:04:02 IST">
  <testcase classname="test.Test1" name="Test2" time="0.009"/>
  <testcase classname="test.Test2" name="Test1" time="0.001"/>
  <testcase classname="test.Test2" name="Method2" time="0.0">
    <ignored/>
  </testcase> <!-- Method2 -->
  <testcase classname="test.Test1" name="Test1" time="0.0">
    <ignored/>
  </testcase> <!-- Test1 -->
</testsuite> <!-- Regression -->
